<?xml version="1.0" encoding="UTF-8"?>
<!-- Generated by org.testng.reporters.JUnitXMLReporter -->
<testsuite hostname="Vimal-Verma" ignored="0" name="Guesthouser" tests="1" failures="0" timestamp="02 May 2018 07:25:37 GMT" time="5.651" errors="0">
  <testcase name="@BeforeTest StartBrowser" time="5.591" classname="com.qa.guesthouser.Guesthouser">
    <failure type="org.openqa.selenium.WebDriverException" message="
Build info: version: &amp;apos;3.5.3&amp;apos;, revision: &amp;apos;a88d25fe6b&amp;apos;, time: &amp;apos;2017-08-29T12:42:44.417Z&amp;apos;
System info: host: &amp;apos;VIMAL-VERMA&amp;apos;, ip: &amp;apos;172.32.24.65&amp;apos;, os.name: &amp;apos;Windows 7&amp;apos;, os.arch: &amp;apos;amd64&amp;apos;, os.version: &amp;apos;6.1&amp;apos;, java.version: &amp;apos;1.8.0_162&amp;apos;
Driver info: org.openqa.selenium.firefox.FirefoxDriver
Capabilities [{moz:profile=C:\Users\VIMAL~1.VER\AppData\Local\Temp\rust_mozprofile.IZjGdpfBz3Ni, rotatable=false, timeouts={implicit=0, pageLoad=300000, script=30000}, pageLoadStrategy=normal, platform=XP, specificationLevel=0, moz:accessibilityChecks=false, acceptInsecureCerts=false, browserVersion=55.0, platformVersion=6.1, moz:processID=920, browserName=firefox, javascriptEnabled=true, platformName=XP}]
Session ID: 5be24220-f3e9-46c5-a880-94708b4446a5">
      <![CDATA[org.openqa.selenium.WebDriverException: 
Build info: version: '3.5.3', revision: 'a88d25fe6b', time: '2017-08-29T12:42:44.417Z'
System info: host: 'VIMAL-VERMA', ip: '172.32.24.65', os.name: 'Windows 7', os.arch: 'amd64', os.version: '6.1', java.version: '1.8.0_162'
Driver info: org.openqa.selenium.firefox.FirefoxDriver
Capabilities [{moz:profile=C:\Users\VIMAL~1.VER\AppData\Local\Temp\rust_mozprofile.IZjGdpfBz3Ni, rotatable=false, timeouts={implicit=0, pageLoad=300000, script=30000}, pageLoadStrategy=normal, platform=XP, specificationLevel=0, moz:accessibilityChecks=false, acceptInsecureCerts=false, browserVersion=55.0, platformVersion=6.1, moz:processID=920, browserName=firefox, javascriptEnabled=true, platformName=XP}]
Session ID: 5be24220-f3e9-46c5-a880-94708b4446a5
at org.openqa.selenium.remote.http.W3CHttpResponseCodec.createException(W3CHttpResponseCodec.java:185)
at org.openqa.selenium.remote.http.W3CHttpResponseCodec.decode(W3CHttpResponseCodec.java:120)
at org.openqa.selenium.remote.http.W3CHttpResponseCodec.decode(W3CHttpResponseCodec.java:49)
at org.openqa.selenium.remote.HttpCommandExecutor.execute(HttpCommandExecutor.java:164)
at org.openqa.selenium.remote.service.DriverCommandExecutor.execute(DriverCommandExecutor.java:82)
at org.openqa.selenium.remote.RemoteWebDriver.execute(RemoteWebDriver.java:646)
at org.openqa.selenium.remote.RemoteWebDriver.get(RemoteWebDriver.java:370)
at com.qa.guesthouser.Guesthouser.StartBrowser(Guesthouser.java:17)
... Removed 28 stack frames]]>
    </failure>
  </testcase> <!-- @BeforeTest StartBrowser -->
  <testcase name="RUN" time="0.0" classname="com.qa.guesthouser.Guesthouser">
    <skipped/>
  </testcase> <!-- RUN -->
</testsuite> <!-- Guesthouser -->
