<?xml version="1.0" encoding="UTF-8"?>
<testng-results skipped="0" failed="0" ignored="0" total="1" passed="1">
  <reporter-output>
  </reporter-output>
  <suite name="Default suite" duration-ms="21061" started-at="2018-05-03T09:02:24Z" finished-at="2018-05-03T09:02:45Z">
    <groups>
    </groups>
    <test name="Default test" duration-ms="21061" started-at="2018-05-03T09:02:24Z" finished-at="2018-05-03T09:02:45Z">
      <class name="seleniumeasy.PractiseTest">
        <test-method status="PASS" signature="StartBrowser()[pri:0, instance:seleniumeasy.PractiseTest@4d1b0d2a]" name="StartBrowser" is-config="true" duration-ms="11921" started-at="2018-05-03T09:02:24Z" finished-at="2018-05-03T09:02:36Z">
          <reporter-output>
          </reporter-output>
        </test-method> <!-- StartBrowser -->
        <test-method status="PASS" signature="TestTwo()[pri:0, instance:seleniumeasy.PractiseTest@4d1b0d2a]" name="TestTwo" duration-ms="4459" started-at="2018-05-03T09:02:36Z" finished-at="2018-05-03T09:02:41Z">
          <reporter-output>
          </reporter-output>
        </test-method> <!-- TestTwo -->
        <test-method status="PASS" signature="CloseBroswer()[pri:0, instance:seleniumeasy.PractiseTest@4d1b0d2a]" name="CloseBroswer" is-config="true" duration-ms="4546" started-at="2018-05-03T09:02:41Z" finished-at="2018-05-03T09:02:45Z">
          <reporter-output>
          </reporter-output>
        </test-method> <!-- CloseBroswer -->
      </class> <!-- seleniumeasy.PractiseTest -->
    </test> <!-- Default test -->
  </suite> <!-- Default suite -->
</testng-results>
